<?xml version="1.0" encoding="UTF-8"?>
<!-- Generated by org.testng.reporters.JUnitReportReporter -->
<testsuite hostname="DESKTOP-0HKINFM" failures="0" tests="3" name="org.ictkerala.scripts.CreateProfPageTest" time="16.750" errors="0" timestamp="2023-07-28T20:42:54 IST" skipped="0">
  <testcase classname="org.ictkerala.scripts.CreateProfPageTest" name="verifyMyProfileLink" time="4.138"/>
  <system-out/>
  <testcase classname="org.ictkerala.scripts.CreateProfPageTest" name="verifyCreateProfile" time="6.321"/>
  <system-out/>
  <testcase classname="org.ictkerala.scripts.CreateProfPageTest" name="verifyEditprofile" time="6.291"/>
  <system-out/>
</testsuite> <!-- org.ictkerala.scripts.CreateProfPageTest -->
