<?xml version="1.0" encoding="UTF-8"?>
<!-- Generated by org.testng.reporters.JUnitReportReporter -->
<testsuite hostname="DESKTOP-0HKINFM" failures="0" tests="1" name="org.ictkerala.scripts.LoginPageTest" time="1.217" errors="0" timestamp="2023-07-18T23:53:08 IST" skipped="0">
  <testcase classname="org.ictkerala.scripts.LoginPageTest" name="validLoginTest" time="1.217"/>
  <system-out/>
</testsuite> <!-- org.ictkerala.scripts.LoginPageTest -->
