<?xml version="1.0" encoding="UTF-8"?>
<!-- Generated by org.testng.reporters.JUnitReportReporter -->
<testsuite hostname="DESKTOP-0HKINFM" failures="0" tests="1" name="org.ictkerala.scripts.MyProfileTest" time="5.487" errors="0" timestamp="2023-07-23T08:01:33 IST" skipped="0">
  <testcase classname="org.ictkerala.scripts.MyProfileTest" name="verifyMyProfileLink" time="5.487"/>
  <system-out/>
</testsuite> <!-- org.ictkerala.scripts.MyProfileTest -->
