<?xml version="1.0" encoding="UTF-8"?>
<!-- Generated by org.testng.reporters.JUnitReportReporter -->
<testsuite hostname="DESKTOP-0HKINFM" failures="0" tests="1" name="org.ictkerala.scripts.EditDelProfPageTest" time="6.183" errors="0" timestamp="2023-07-24T15:04:00 IST" skipped="0">
  <testcase classname="org.ictkerala.scripts.EditDelProfPageTest" name="verifyEditprofile" time="6.183"/>
  <system-out/>
</testsuite> <!-- org.ictkerala.scripts.EditDelProfPageTest -->
