<?xml version="1.0" encoding="UTF-8"?>
<!-- Generated by org.testng.reporters.JUnitReportReporter -->
<testsuite hostname="DESKTOP-0HKINFM" failures="0" tests="6" name="org.ictkerala.scripts.LoginPageTest" time="23.042" errors="0" timestamp="2023-07-28T20:42:54 IST" skipped="0">
  <testcase classname="org.ictkerala.scripts.LoginPageTest" name="verifyLoginLink" time="3.156"/>
  <system-out/>
  <testcase classname="org.ictkerala.scripts.LoginPageTest" name="validLogin" time="4.838"/>
  <system-out/>
  <testcase classname="org.ictkerala.scripts.LoginPageTest" name="validUserInvalidPassword" time="3.938"/>
  <system-out/>
  <testcase classname="org.ictkerala.scripts.LoginPageTest" name="nullUserValidPassword" time="4.112"/>
  <system-out/>
  <testcase classname="org.ictkerala.scripts.LoginPageTest" name="validUsernullPassword" time="3.495"/>
  <system-out/>
  <testcase classname="org.ictkerala.scripts.LoginPageTest" name="Logout" time="3.503"/>
  <system-out/>
</testsuite> <!-- org.ictkerala.scripts.LoginPageTest -->
